<?xml version="1.0" encoding="UTF-8"?>
<!-- Generated by org.testng.reporters.JUnitReportReporter -->
<testsuite hostname="MSI" failures="0" tests="4" name="dataprovider.LearnDataProvider" time="10.750" errors="0" timestamp="2025-07-23T16:19:23 IST" skipped="0">
  <testcase classname="dataprovider.LearnDataProvider" name="login" time="2.526"/>
  <testcase classname="dataprovider.LearnDataProvider" name="login" time="3.052"/>
  <testcase classname="dataprovider.LearnDataProvider" name="login" time="2.714"/>
  <testcase classname="dataprovider.LearnDataProvider" name="login" time="2.458"/>
</testsuite> <!-- dataprovider.LearnDataProvider -->
