<?xml version="1.0" encoding="UTF-8"?>
<!-- Generated by org.testng.reporters.JUnitReportReporter -->
<testsuite hostname="MSI" failures="0" tests="2" name="testNG.AnnotationAttributesEnabled" time="4.240" errors="0" timestamp="2025-07-17T21:12:52 IST" skipped="1">
  <testcase classname="testNG.AnnotationAttributesEnabled" name="login" time="4.240"/>
  <testcase classname="testNG.AnnotationAttributesEnabled" name="register">
    <skipped/>
  </testcase> <!-- register -->
</testsuite> <!-- testNG.AnnotationAttributesEnabled -->
