<?xml version="1.0" encoding="UTF-8"?>
<!-- Generated by org.testng.reporters.JUnitReportReporter -->
<testsuite hostname="MSI" failures="0" tests="2" name="testNG.AnnotationAttributes" time="8.682" errors="0" timestamp="2025-07-16T16:16:52 IST" skipped="0">
  <testcase classname="testNG.AnnotationAttributes" name="register" time="4.812"/>
  <testcase classname="testNG.AnnotationAttributes" name="login" time="3.870"/>
</testsuite> <!-- testNG.AnnotationAttributes -->
