<?xml version="1.0" encoding="UTF-8"?>
<!-- Generated by org.testng.reporters.JUnitReportReporter -->
<testsuite hostname="MSI" failures="0" tests="1" name="testNG.BatchExecutionCar1" time="2.763" errors="0" timestamp="2025-07-17T21:28:00 IST" skipped="0">
  <testcase classname="testNG.BatchExecutionCar1" name="launch" time="2.763">
    <system-out>
      <![CDATA[Welcome To Buggati]]>
    </system-out>
  </testcase> <!-- launch -->
  <system-out>
    <![CDATA[Welcome To Buggati]]>
  </system-out>
</testsuite> <!-- testNG.BatchExecutionCar1 -->
