<?xml version="1.0" encoding="UTF-8"?>
<!-- Generated by org.testng.reporters.JUnitReportReporter -->
<testsuite hostname="MSI" failures="0" tests="5" name="testNG.AnnotationAttributesThreadPoolSize" time="36.235" errors="0" timestamp="2025-07-17T21:11:40 IST" skipped="0">
  <testcase classname="testNG.AnnotationAttributesThreadPoolSize" name="register" time="5.785"/>
  <testcase classname="testNG.AnnotationAttributesThreadPoolSize" name="register" time="8.052"/>
  <testcase classname="testNG.AnnotationAttributesThreadPoolSize" name="register" time="8.292"/>
  <testcase classname="testNG.AnnotationAttributesThreadPoolSize" name="login" time="5.938"/>
  <testcase classname="testNG.AnnotationAttributesThreadPoolSize" name="register" time="8.168"/>
</testsuite> <!-- testNG.AnnotationAttributesThreadPoolSize -->
