<?xml version="1.0" encoding="UTF-8"?>
<!-- Generated by org.testng.reporters.JUnitReportReporter -->
<testsuite hostname="MSI" failures="0" tests="1" name="testNG.Car3" time="10.794" errors="0" timestamp="2025-07-18T15:00:43 IST" skipped="0">
  <testcase classname="testNG.Car3" name="launch" time="10.794">
    <system-out>
      <![CDATA[Welcome To Mercedes]]>
    </system-out>
  </testcase> <!-- launch -->
  <system-out>
    <![CDATA[Welcome To Buggati
Welcome To Lambhorgini
Welcome To Mercedes]]>
  </system-out>
</testsuite> <!-- testNG.Car3 -->
