<?xml version="1.0" encoding="UTF-8"?>
<!-- Generated by org.testng.reporters.JUnitReportReporter -->
<testsuite hostname="MSI" failures="0" tests="1" name="testNG.ToLesrnTestNG" time="0.010" errors="0" timestamp="2025-07-16T15:31:22 IST" skipped="0">
  <testcase classname="testNG.ToLesrnTestNG" name="demo" time="0.010">
    <system-out>
      <![CDATA[Welcome to TestNG]]>
    </system-out>
  </testcase> <!-- demo -->
  <system-out>
    <![CDATA[Welcome to TestNG]]>
  </system-out>
</testsuite> <!-- testNG.ToLesrnTestNG -->
