<?xml version="1.0" encoding="UTF-8"?>
<!-- Generated by org.testng.reporters.JUnitReportReporter -->
<testsuite hostname="MSI" failures="0" tests="1" name="configurationAnnotations.ToLearnConfigurationAnnotations" time="0.011" errors="0" timestamp="2025-07-21T15:18:18 IST" skipped="0">
  <testcase classname="configurationAnnotations.ToLearnConfigurationAnnotations" name="demo" time="0.011">
    <system-out>
      <![CDATA[Test Demo executes]]>
    </system-out>
  </testcase> <!-- demo -->
  <system-out>
    <![CDATA[BeforeSuite
BeforeTest
BeforeClass
BeforeMethod
Test Demo executes
AfterMethod
AfterClass
AfterTest
AfterSuite]]>
  </system-out>
</testsuite> <!-- configurationAnnotations.ToLearnConfigurationAnnotations -->
