<?xml version="1.0" encoding="UTF-8"?>
<!-- Generated by org.testng.reporters.JUnitReportReporter -->
<testsuite hostname="MSI" failures="0" tests="5" name="testNG.AnnotationAttributesInvocation" time="19.794" errors="0" timestamp="2025-07-17T21:09:04 IST" skipped="0">
  <testcase classname="testNG.AnnotationAttributesInvocation" name="register" time="4.041"/>
  <testcase classname="testNG.AnnotationAttributesInvocation" name="register" time="3.881"/>
  <testcase classname="testNG.AnnotationAttributesInvocation" name="login" time="4.595"/>
  <testcase classname="testNG.AnnotationAttributesInvocation" name="register" time="3.738"/>
  <testcase classname="testNG.AnnotationAttributesInvocation" name="register" time="3.539"/>
</testsuite> <!-- testNG.AnnotationAttributesInvocation -->
