<?xml version="1.0" encoding="UTF-8"?>
<!-- Generated by org.testng.reporters.JUnitReportReporter -->
<testsuite hostname="MSI" failures="0" tests="4" name="dataprovider.ToLearndataProvider" time="12.261" errors="0" timestamp="2025-07-23T15:46:18 IST" skipped="0">
  <testcase classname="dataprovider.ToLearndataProvider" name="login" time="2.759"/>
  <testcase classname="dataprovider.ToLearndataProvider" name="login" time="4.334"/>
  <testcase classname="dataprovider.ToLearndataProvider" name="login" time="2.508"/>
  <testcase classname="dataprovider.ToLearndataProvider" name="login" time="2.660"/>
</testsuite> <!-- dataprovider.ToLearndataProvider -->
