<?xml version="1.0" encoding="UTF-8"?>
<!-- Generated by org.testng.reporters.JUnitReportReporter -->
<testsuite hostname="MSI" failures="0" tests="3" name="testNG.MultipleMainMethod" time="0.016" errors="0" timestamp="2025-07-17T21:06:51 IST" skipped="0">
  <testcase classname="testNG.MultipleMainMethod" name="register" time="0.002">
    <system-out>
      <![CDATA[Welcome to register]]>
    </system-out>
  </testcase> <!-- register -->
  <testcase classname="testNG.MultipleMainMethod" name="addToCart" time="0.009">
    <system-out>
      <![CDATA[Welcome to addToCart]]>
    </system-out>
  </testcase> <!-- addToCart -->
  <testcase classname="testNG.MultipleMainMethod" name="login" time="0.005">
    <system-out>
      <![CDATA[Welcome to login]]>
    </system-out>
  </testcase> <!-- login -->
  <system-out>
    <![CDATA[Welcome to addToCart
Welcome to login
Welcome to register]]>
  </system-out>
</testsuite> <!-- testNG.MultipleMainMethod -->
