<?xml version="1.0" encoding="UTF-8"?>
<!-- Generated by org.testng.reporters.JUnitReportReporter -->
<testsuite hostname="MSI" failures="0" tests="1" name="testNG.Car2" time="9.760" errors="0" timestamp="2025-07-18T22:35:42 IST" skipped="0">
  <testcase classname="testNG.Car2" name="launch" time="9.760">
    <system-out>
      <![CDATA[Welcome To Lambhorgini]]>
    </system-out>
  </testcase> <!-- launch -->
  <system-out>
    <![CDATA[Welcome To Lambhorgini
Welcome To Buggati]]>
  </system-out>
</testsuite> <!-- testNG.Car2 -->
