<?xml version="1.0" encoding="UTF-8"?>
<!-- Generated by org.testng.reporters.JUnitReportReporter -->
<testsuite hostname="MSI" failures="0" tests="1" name="testNG.ToLearnTestNG" time="0.009" errors="0" timestamp="2025-07-17T21:06:32 IST" skipped="0">
  <testcase classname="testNG.ToLearnTestNG" name="demo" time="0.009">
    <system-out>
      <![CDATA[Welcome to TestNG]]>
    </system-out>
  </testcase> <!-- demo -->
  <system-out>
    <![CDATA[Welcome to TestNG]]>
  </system-out>
</testsuite> <!-- testNG.ToLearnTestNG -->
