<?xml version="1.0" encoding="UTF-8"?>
<!-- Generated by org.testng.reporters.JUnitReportReporter -->
<testsuite hostname="MSI" failures="0" tests="2" name="testNG.AnnotationAttributesPriority" time="10.117" errors="0" timestamp="2025-07-29T13:07:51 IST" skipped="0">
  <testcase classname="testNG.AnnotationAttributesPriority" name="register" time="5.106"/>
  <testcase classname="testNG.AnnotationAttributesPriority" name="login" time="5.011"/>
</testsuite> <!-- testNG.AnnotationAttributesPriority -->
