<?xml version="1.0" encoding="UTF-8"?>
<!-- Generated by org.testng.reporters.JUnitReportReporter -->
<testsuite hostname="MSI" failures="0" tests="1" name="testNG.Car1" time="4.374" errors="0" timestamp="2025-07-18T22:35:42 IST" skipped="0">
  <testcase classname="testNG.Car1" name="launch" time="4.374">
    <system-out>
      <![CDATA[Welcome To Buggati]]>
    </system-out>
  </testcase> <!-- launch -->
  <system-out>
    <![CDATA[Welcome To Lambhorgini
Welcome To Buggati]]>
  </system-out>
</testsuite> <!-- testNG.Car1 -->
