<?xml version="1.0" encoding="UTF-8"?>
<!-- Generated by org.testng.reporters.JUnitReportReporter -->
<testsuite hostname="MSI" failures="0" tests="2" name="testNG.AnnotationAttributesDependsOnMethods" time="33.712" errors="0" timestamp="2025-07-17T21:17:05 IST" skipped="0">
  <testcase classname="testNG.AnnotationAttributesDependsOnMethods" name="login" time="7.776"/>
  <testcase classname="testNG.AnnotationAttributesDependsOnMethods" name="register" time="25.936"/>
</testsuite> <!-- testNG.AnnotationAttributesDependsOnMethods -->
