<?xml version="1.0" encoding="UTF-8"?>
<!-- Generated by org.testng.reporters.JUnitReportReporter -->
<testsuite hostname="MSI" failures="0" tests="1" name="configurationAnnotations.BeforeAfterTest" time="0.009" errors="0" timestamp="2025-07-19T15:39:36 IST" skipped="0">
  <testcase classname="configurationAnnotations.BeforeAfterTest" name="demo" time="0.009">
    <system-out>
      <![CDATA[Test Demo executes]]>
    </system-out>
  </testcase> <!-- demo -->
  <system-out>
    <![CDATA[BeforeSuite
BeforeTest
Test Demo executes
AfterTest
AfterSuite]]>
  </system-out>
</testsuite> <!-- configurationAnnotations.BeforeAfterTest -->
